<?xml version="1.0" encoding="UTF-8"?>
<!-- Generated by org.testng.reporters.JUnitReportReporter -->
<testsuite skipped="10" hostname="Ilshat777" name="Project1.Drag" tests="17" failures="0" timestamp="12 Aug 2018 23:27:19 GMT" time="98.438" errors="0">
  <testcase name="testSelectMenu" time="13.397" classname="Project1.Drag"/>
  <testcase name="testToolTips" time="20.369" classname="Project1.Drag"/>
  <testcase name="testMenu" time="13.650" classname="Project1.Drag"/>
  <testcase name="testProgress" time="10.899" classname="Project1.Drag"/>
  <testcase name="testDialog" time="12.080" classname="Project1.Drag"/>
  <testcase name="testControlGroup" time="15.656" classname="Project1.Drag"/>
  <testcase name="testTabs" time="12.387" classname="Project1.Drag"/>
  <testcase name="testResizeable" classname="Project1.Drag">
    <skipped/>
  </testcase> <!-- testResizeable -->
  <testcase name="testRadioButton" classname="Project1.Drag">
    <skipped/>
  </testcase> <!-- testRadioButton -->
  <testcase name="testAccordion" classname="Project1.Drag">
    <skipped/>
  </testcase> <!-- testAccordion -->
  <testcase name="testDragable" classname="Project1.Drag">
    <skipped/>
  </testcase> <!-- testDragable -->
  <testcase name="testDatepicker" classname="Project1.Drag">
    <skipped/>
  </testcase> <!-- testDatepicker -->
  <testcase name="testSortable" classname="Project1.Drag">
    <skipped/>
  </testcase> <!-- testSortable -->
  <testcase name="testBotton" classname="Project1.Drag">
    <skipped/>
  </testcase> <!-- testBotton -->
  <testcase name="testSelectable" classname="Project1.Drag">
    <skipped/>
  </testcase> <!-- testSelectable -->
  <testcase name="testDropable" classname="Project1.Drag">
    <skipped/>
  </testcase> <!-- testDropable -->
  <testcase name="testAutocomplete" classname="Project1.Drag">
    <skipped/>
  </testcase> <!-- testAutocomplete -->
</testsuite> <!-- Project1.Drag -->
